     1                                  bits 32 ; assembling for the 32 bits architecture
     2                                  
     3                                  ; declare the EntryPoint (a label defining the very first instruction of the program)
     4                                  global start        
     5                                  
     6                                  ; declare external functions needed by our program
     7                                  extern exit, fopen, fclose, fread, printf              ; tell nasm that exit exists even if we won't be defining it
     8                                  import exit msvcrt.dll
     9                                  import fopen msvcrt.dll
    10                                  import fclose msvcrt.dll
    11                                  import fread msvcrt.dll
    12                                  import printf msvcrt.dll    ; exit is a function that ends the calling process. It is defined in msvcrt.dll
    13                                                            ; msvcrt.dll contains exit, printf and all the other important C-runtime specific functions
    14                                  
    15                                  ; our data is declared here (the variables needed by our program)
    16                                  segment data use32 class=data
    17                                      ; ...
    18 00000000 696E7075742E747874-         file_name db "input.txt", 0
    18 00000009 00                 
    19 0000000A 7200                        mode db "r", 0
    20 0000000C 546865726520617265-         format dd "There are %d even numbers", 0
    20 00000015 202564206576656E20-
    20 0000001E 6E756D626572730000-
    20 00000027 0000000000         
    21 0000002C FFFFFFFF                    file_nr dd -1
    22 00000030 00000000                    len_current dd 0
    23                                      len equ 1
    24 00000034 <res 00000001>              buffer resb len
    25 00000035 00                          even_nr db 0
    26                                      
    27                                      
    28                                      
    29                                  
    30                                  ; our code starts here
    31                                  segment code use32 class=code
    32                                      start:
    33                                          ; ...
    34                                          
    35 00000000 68[0A000000]                    push dword mode
    36 00000005 68[00000000]                    push dword file_name
    37 0000000A FF15[00000000]                  call [fopen]
    38 00000010 83C408                          add esp, 4*2
    39                                      
    40                                      
    41 00000013 83F800                          cmp eax,0
    42 00000016 746E                            je End
    43                                      
    44 00000018 A3[2C000000]                    mov [file_nr],eax
    45                                          
    46                                          
    47                                          loop:
    48 0000001D FF35[2C000000]                      push dword [file_nr]
    49 00000023 6A01                                push dword len
    50 00000025 6A01                                push dword 1
    51 00000027 68[34000000]                        push dword buffer
    52 0000002C FF15[00000000]                      call [fread]
    53 00000032 83C410                              add esp, 4*4
    54                                              
    55 00000035 83F800                              cmp eax, 0
    56 00000038 7428                                je Close_f
    57                                              
    58 0000003A 8B15[34000000]                      mov edx, [buffer]
    59 00000040 83FA20                              cmp edx, 0x20
    60 00000043 7416                                je Next_char
    61 00000045 7500                                jne Parity_check
    62                                  
    63                                              
    64                                              Parity_check:
    65                                              
    66 00000047 8B15[34000000]                      mov edx, [buffer]
    67 0000004D F7C201000000                        test edx, 01h
    68 00000053 7B06                                jnp Next_char
    69                                                           
    70 00000055 FF05[35000000]                      inc dword [even_nr]
    71                                              
    72                                              Next_char:
    73                                              
    74 0000005B A3[30000000]                        mov [len_current],eax
    75                                      
    76 00000060 EBBB                                jmp loop
    77                                      
    78                                  
    79                                      
    80                                          Close_f:
    81 00000062 FF35[2C000000]                      push dword [file_nr]
    82 00000068 FF15[00000000]                      call [fclose]
    83 0000006E 83C404                              add esp, 4*1
    84                                              
    85 00000071 8B15[35000000]                      mov edx, [even_nr]
    86 00000077 52                                  push edx
    87 00000078 68[0C000000]                        push format
    88 0000007D FF15[00000000]                      call [printf]
    89 00000083 83C408                              add esp, 4*2
    90                                      
    91                                          End:
    92                                          
    93                                      
    94                                      
    95                                          ; exit(0)
    96 00000086 6A00                            push    dword 0      ; push the parameter for exit onto the stack
    97 00000088 FF15[00000000]                  call    [exit]       ; call exit to terminate the program
