     1                                  bits 32 ; assembling for the 32 bits architecture
     2                                  
     3                                  ; declare the EntryPoint (a label defining the very first instruction of the program)
     4                                  global start        
     5                                  
     6                                  ; declare external functions needed by our program
     7                                  extern exit               ; tell nasm that exit exists even if we won't be defining it
     8                                  import exit msvcrt.dll    ; exit is a function that ends the calling process. It is defined in msvcrt.dll
     9                                                            ; msvcrt.dll contains exit, printf and all the other important C-runtime specific functions
    10                                  
    11                                  ; our data is declared here (the variables needed by our program)
    12                                  segment data use32 class=data
    13                                      ; ...
    14                                      
    15 00000000 0200                            a dw 2
    16 00000002 0300                            b dw 3
    17 00000004 0A00                            c dw 10
    18 00000006 0100                            d dw 1
    19 00000008 0100                            x dw 1
    20 0000000A 0100                            y dw 1
    21 0000000C 0100                            z dw 1
    22                                  
    23                                  ; our code starts here
    24                                  segment code use32 class=code
    25                                      start:
    26                                          ; ...
    27                                      
    28                                      
    29 00000000 66A1[04000000]                  mov ax, [c]
    30 00000006 662B05[00000000]                sub ax, [a]
    31 0000000D 662B05[06000000]                sub ax, [d]
    32 00000014 66A3[08000000]                  mov [x], ax
    33 0000001A 660305[04000000]                add ax, [c]
    34 00000021 662B05[02000000]                sub ax, [b]
    35 00000028 66A3[0A000000]                  mov [y], ax
    36 0000002E 66A1[08000000]                  mov ax, [x]
    37 00000034 660305[0A000000]                add ax, [y]
    38 0000003B 662B05[00000000]                sub ax, [a]
    39                                      
    40                                      
    41                                          ; exit(0)
    42 00000042 6A00                            push    dword 0      ; push the parameter for exit onto the stack
    43 00000044 FF15[00000000]                  call    [exit]       ; call exit to terminate the program
