     1                                  bits 32 ; assembling for the 32 bits architecture
     2                                  
     3                                  ; declare the EntryPoint (a label defining the very first instruction of the program)
     4                                  global start        
     5                                  
     6                                  ; declare external functions needed by our program
     7                                  extern exit               ; tell nasm that exit exists even if we won't be defining it
     8                                  import exit msvcrt.dll    ; exit is a function that ends the calling process. It is defined in msvcrt.dll
     9                                                            ; msvcrt.dll contains exit, printf and all the other important C-runtime specific functions
    10                                  
    11                                  ; our data is declared here (the variables needed by our program)
    12                                  segment data use32 class=data
    13                                      ; ...
    14                                      
    15 00000000 8400                        A dw 132
    16 00000002 8405                        B dw 1412
    17 00000004 0B02                        C dw 523
    18 00000006 00                          D db 0
    19 00000007 00                          E db 0
    20 00000008 00                          F db 0   
    21                                      
    22                                      
    23                                  ; our code starts here
    24                                  segment code use32 class=code
    25                                      start:
    26                                          ; ...
    27                                      
    28                                          
    29                                          ;Given the words A, B si C, obtain the byte D as the sum of the integers represented by:
    30                                          ;-the bits 0-4 of A
    31                                          ;-the bits 5-9 of B
    32                                          ;The byte E is the integer represented by 
    33                                          ;-the bits 10-14 of C. 
    34                                          ;Obtain the byte F by 
    35                                          ;-computing the subtraction D-E.
    36                                          
    37                                          
    38                                          
    39                                          ;A -> [________|___-----]
    40                                          ;B -> [______--|---_____]
    41                                          ;C -> [_-----__|________]
    42                                  
    43                                          
    44                                          
    45                                          ;    15                0
    46                                          ;    [________|________]
    47                                          
    48                                          ;D =          [________]
    49                                          ;E =          [________]
    50                                          ;F =          [________]                
    51                                          
    52                                          
    53 00000000 B800000000                      mov EAX,0   ;clear all
    54 00000005 BB00000000                      mov EBX,0
    55 0000000A B900000000                      mov ECX,0
    56 0000000F BA00000000                      mov EDX,0
    57                                      
    58                                          
    59 00000014 66A1[00000000]                  MOV AX, [A]                     ;move A into ax
    60 0000001A 668B1D[02000000]                MOV BX, [B]                     ;move B into bx
    61 00000021 668B0D[04000000]                MOV CX, [C]                     ;move C into cx
    62                                          
    63                                          
    64                                          
    65 00000028 6683E01F                        AND AX, 00000000_00011111b      ;get the integer from the bits 0-4 of A
    66 0000002C 6681E3E003                      AND BX, 00000011_11100000b      ;get the integer from the bits 5-9 of B
    67                                          
    68 00000031 6601D8                          ADD AX, BX                      ;get the sum of the integers 
    69                                                                          ;the sum of the integers will be stored in AH:AL
    70 00000034 A2[06000000]                    MOV [D], AL                     ;as [D] is a byte we can only move AL
    71                                          
    72                                          
    73 00000039 6681E1007C                      AND CX, 01111100_00000000b      ;get the integer from the bits 10-14 of C
    74                                                                          ;the integer is stored in CH:CL
    75 0000003E 880D[07000000]                  MOV [E], CL                     ;as [E] is a byte we can only move CL
    76                                          
    77 00000044 A0[07000000]                    MOV AL,[E]
    78 00000049 8A1D[06000000]                  MOV BL,[D]
    79                                          
    80 0000004F 28D8                            SUB AL,BL  
    81 00000051 A2[08000000]                    MOV [F], AL
    82                                      
    83                                      
    84                                      
    85                                          ; exit(0)
    86 00000056 6A00                            push    dword 0      ; push the parameter for exit onto the stack
    87 00000058 FF15[00000000]                  call    [exit]       ; call exit to terminate the program
