     1                                  bits 32 ; assembling for the 32 bits architecture
     2                                  
     3                                  ; declare the EntryPoint (a label defining the very first instruction of the program)
     4                                  global start        
     5                                  
     6                                  ; declare external functions needed by our program
     7                                  extern exit,printf               ; tell nasm that exit exists even if we won't be defining it
     8                                  import exit msvcrt.dll
     9                                  import printf  msvcrt.dll  ; exit is a function that ends the calling process. It is defined in msvcrt.dll
    10                                                            ; msvcrt.dll contains exit, printf and all the other important C-runtime specific functions
    11                                  
    12                                  ; our data is declared here (the variables needed by our program)
    13                                  segment data use32 class=data
    14                                      ; ...
    15                                  
    16                                      
    17 00000000 1200000023000000        a dd 12h, 23h
    18 00000008 50FF                    b db 80, 255
    19 0000000A <res 0000000A>          c resw 5
    20                                  len equ ($-a)/2
    21                                      
    22                                  ; our code starts here
    23                                  segment code use32 class=code
    24                                      start:
    25                                          ; ...
    26 00000000 66678D07                lea AX,[BX+0] 
    27                                         
    28                                          ; exit(0)
    29 00000004 6A00                            push    dword 0      ; push the parameter for exit onto the stack
    30 00000006 FF15[00000000]                  call    [exit]       ; call exit to terminate the program
