     1                                  bits 32 ; assembling for the 32 bits architecture
     2                                  
     3                                  ; declare the EntryPoint (a label defining the very first instruction of the program)
     4                                  global start        
     5                                  
     6                                  ; declare external functions needed by our program
     7                                  extern exit               ; tell nasm that exit exists even if we won't be defining it
     8                                  import exit msvcrt.dll    ; exit is a function that ends the calling process. It is defined in msvcrt.dll
     9                                                            ; msvcrt.dll contains exit, printf and all the other important C-runtime specific functions
    10                                  
    11                                  ; our data is declared here (the variables needed by our program)
    12                                  segment data use32 class=data
    13                                      ; ...
    14                                  
    15 00000000 7D000000                        a dd 125
    16 00000004 02                              b db 2
    17 00000005 01020304                        c db 1,2,3,4
    18 00000009 31323334                        d db '1234'
    19 0000000D 312C322C332C34                  e db '1,2,3,4'
    20 00000014 312C32                          f db '1',',','2'
    21 00000017 61                              g db 'a'
    22                                      
    23                                  ; our code starts here
    24                                  segment code use32 class=code
    25                                      start:
    26                                          ; ...
    27                                          
    28 00000000 66A1[02000000]                  mov  ax, [a+2];
    29 00000006 8A3D[04000000]                  mov bh, [a+4]
    30                                      
    31                                          ; exit(0)
    32 0000000C 6A00                            push    dword 0      ; push the parameter for exit onto the stack
    33 0000000E FF15[00000000]                  call    [exit]       ; call exit to terminate the program
    34                                  
    35                                          
    36                                          
