     1                                  bits 32 ; assembling for the 32 bits architecture
     2                                  
     3                                  ; declare the EntryPoint (a label defining the very first instruction of the program)
     4                                  global start        
     5                                  
     6                                  ; declare external functions needed by our program
     7                                  extern exit               ; tell nasm that exit exists even if we won't be defining it
     8                                  import exit msvcrt.dll    ; exit is a function that ends the calling process. It is defined in msvcrt.dll
     9                                                            ; msvcrt.dll contains exit, printf and all the other important C-runtime specific functions
    10                                  
    11                                  ; our data is declared here (the variables needed by our program)
    12                                  segment data use32 class=data
    13                                      ; ...
    14                                  
    15 00000000 03                          	a1 db 1203h
    15          ******************       warning: byte data exceeds bounds [-w+number-overflow]
    16 00000001 03                              a2 db 3
    17                                  
    18                                      
    19                                  ; our code starts here
    20                                  segment code use32 class=code
    21                                      start:
    22                                          ; ...
    23                                      
    24                                      
    25 00000000 B800000000                      Mov EAX,0
    26 00000005 BB00000000                      Mov EBX,0
    27                                          
    28 0000000A A1[00000000]                    Mov eax,[a1]
    29 0000000F 8B1D[01000000]                  Mov ebx,[a2]
    30                                      
    31                                          ; exit(0)
    32 00000015 6A00                            push    dword 0      ; push the parameter for exit onto the stack
    33 00000017 FF15[00000000]                  call    [exit]       ; call exit to terminate the program
