     1                                  bits 32 ; assembling for the 32 bits architecture
     2                                  
     3                                  ; declare the EntryPoint (a label defining the very first instruction of the program)
     4                                  global start        
     5                                  
     6                                  ; declare external functions needed by our program
     7                                  extern exit               ; tell nasm that exit exists even if we won't be defining it
     8                                  import exit msvcrt.dll    ; exit is a function that ends the calling process. It is defined in msvcrt.dll
     9                                                            ; msvcrt.dll contains exit, printf and all the other important C-runtime specific functions
    10                                  
    11                                  ; our data is declared here (the variables needed by our program)
    12                                  segment data use32 class=data
    13                                      ; ...
    14                                  
    15 00000000 0B                          a db 11
    16 00000001 05                          b db 5
    17 00000002 09                          c db 9
    18 00000003 18                          d db 24
    19                                      
    20 00000004 00                          aux1 db 0
    21 00000005 00                          aux2 db 0
    22                                      
    23                                  ; our code starts here
    24                                  segment code use32 class=code
    25                                      start:
    26                                          ; ...
    27                                          
    28 00000000 B800000000                      mov EAX, 0
    29 00000005 BA00000000                      mov EDX, 0
    30 0000000A BB00000000                      mov EBX, 0
    31 0000000F B900000000                      mov ECX, 0
    32                                          
    33                                          
    34 00000014 A0[00000000]                    mov AL,[a]
    35 00000019 8A1D[01000000]                  mov BL,[b]
    36                                          
    37 0000001F 00D8                            ADD AL,BL
    38                                          
    39 00000021 A2[04000000]                    mov [aux1],AL
    40                                          
    41 00000026 A0[02000000]                    mov AL,[c]
    42 0000002B 8A1D[02000000]                  mov BL,[c]
    43                                          
    44 00000031 00D8                            ADD AL,BL
    45                                          
    46 00000033 A2[05000000]                    mov [aux2],AL
    47 00000038 A0[03000000]                    mov AL,[d]
    48                                          
    49                                          
    50 0000003D 8A1D[04000000]                  mov BL,[aux1]
    51 00000043 28D8                            SUB AL,BL
    52                                          
    53 00000045 8A1D[05000000]                  mov BL,[aux2]
    54 0000004B 28D8                            SUB AL,BL
    55                                          
    56                                          
    57                                          
    58                                          
    59                                          
    60                                      
    61                                          ; exit(0)
    62 0000004D 6A00                            push    dword 0      ; push the parameter for exit onto the stack
    63 0000004F FF15[00000000]                  call    [exit]       ; call exit to terminate the program
