     1                                  bits 32 ; assembling for the 32 bits architecture
     2                                  
     3                                  ; declare the EntryPoint (a label defining the very first instruction of the program)
     4                                  global start        
     5                                  
     6                                  ; declare external functions needed by our program
     7                                  extern exit               ; tell nasm that exit exists even if we won't be defining it
     8                                  import exit msvcrt.dll    ; exit is a function that ends the calling process. It is defined in msvcrt.dll
     9                                                            ; msvcrt.dll contains exit, printf and all the other important C-runtime specific functions
    10                                  
    11                                  ; our data is declared here (the variables needed by our program)
    12                                  segment data use32 class=data
    13                                      ; ...
    14                                  
    15 00000000 0B                          a db 11
    16 00000001 05                          b db 5
    17 00000002 09                          c db 9
    18 00000003 18                          d db 24
    19                                      
    20 00000004 00                          aux1 db 0
    21 00000005 00                          aux2 db 0
    22                                      
    23                                  ; our code starts here
    24                                  segment code use32 class=code
    25                                      start:
    26                                          ; ...
    27                                          
    28 00000000 B800000000                      mov EAX, 0
    29 00000005 BA00000000                      mov EDX, 0
    30 0000000A BB00000000                      mov EBX, 0
    31 0000000F B900000000                      mov ECX, 0
    32                                          
    33                                          
    34 00000014 A0[01000000]                    mov AL, [b]
    35 00000019 8A1D[02000000]                  mov BL, [c]
    36                                          
    37 0000001F 00D8                            ADD AL,BL
    38                                          
    39                                          
    40 00000021 A2[04000000]                    mov [aux1],AL
    41                                          
    42 00000026 A0[00000000]                    mov AL, [a]
    43 0000002B 8A1D[01000000]                  mov BL, [b]
    44                                          
    45 00000031 00D8                            ADD AL,BL
    46 00000033 8A1D[03000000]                  mov BL, [d]
    47                                          
    48 00000039 28D8                            SUB AL,BL
    49                                          
    50 0000003B A2[05000000]                    mov [aux2],AL
    51                                          
    52 00000040 A0[04000000]                    mov AL, [aux1]
    53 00000045 8A1D[05000000]                  mov BL, [aux2]
    54                                          
    55 0000004B 00D8                            ADD AL, BL
    56                                          
    57                                          
    58                                      
    59                                          ; exit(0)
    60 0000004D 6A00                            push    dword 0      ; push the parameter for exit onto the stack
    61 0000004F FF15[00000000]                  call    [exit]       ; call exit to terminate the program
