     1                                  bits 32 ; assembling for the 32 bits architecture
     2                                  
     3                                  ; declare the EntryPoint (a label defining the very first instruction of the program)
     4                                  global start        
     5                                  
     6                                  ; declare external functions needed by our program
     7                                  extern exit               ; tell nasm that exit exists even if we won't be defining it
     8                                  import exit msvcrt.dll    ; exit is a function that ends the calling process. It is defined in msvcrt.dll
     9                                                            ; msvcrt.dll contains exit, printf and all the other important C-runtime specific functions
    10                                  
    11                                  ; our data is declared here (the variables needed by our program)
    12                                  segment data use32 class=data
    13                                      ; ...
    14                                  
    15 00000000 0B                          a db 11
    16 00000001 05                          b db 5
    17 00000002 09                          c db 9
    18 00000003 1800                        d dw 24
    19                                      
    20 00000005 0000                        aux1 dw 0
    21 00000007 0000                        aux2 dw 0
    22                                      
    23                                  ; our code starts here
    24                                  segment code use32 class=code
    25                                      start:
    26                                          ; ...
    27                                          
    28 00000000 B800000000                      mov EAX, 0
    29 00000005 BA00000000                      mov EDX, 0
    30 0000000A BB00000000                      mov EBX, 0
    31 0000000F B900000000                      mov ECX, 0
    32                                          
    33                                          
    34                                        
    35 00000014 A0[00000000]                    mov AL,[a]
    36 00000019 8A1D[01000000]                  mov BL,[b]
    37                                          
    38 0000001F 00D8                            ADD AL,BL
    39                                          
    40 00000021 B302                            mov BL,2
    41 00000023 F6E3                            MUL BL
    42                                          
    43 00000025 66A3[05000000]                  mov [aux1],AX
    44                                          
    45                                          
    46                                          
    47                                          
    48                                      
    49                                          ; exit(0)
    50 0000002B 6A00                            push    dword 0      ; push the parameter for exit onto the stack
    51 0000002D FF15[00000000]                  call    [exit]       ; call exit to terminate the program
