     1                                  bits 32 ; assembling for the 32 bits architecture
     2                                  
     3                                  ; declare the EntryPoint (a label defining the very first instruction of the program)
     4                                  global start        
     5                                  
     6                                  ; declare external functions needed by our program
     7                                  extern exit               ; tell nasm that exit exists even if we won't be defining it
     8                                  import exit msvcrt.dll    ; exit is a function that ends the calling process. It is defined in msvcrt.dll
     9                                                            ; msvcrt.dll contains exit, printf and all the other important C-runtime specific functions
    10                                  
    11                                  ; our data is declared here (the variables needed by our program)
    12                                  segment data use32 class=data
    13                                      ; ...
    14                                  
    15 00000000 0B                          a db 11
    16 00000001 05                          b db 5
    17                                      
    18                                  ; our code starts here
    19                                  segment code use32 class=code
    20                                      start:
    21                                          ; ...
    22                                          
    23 00000000 B800000000                      mov EAX, 0
    24 00000005 BA00000000                      mov EDX, 0
    25 0000000A BB00000000                      mov EBX, 0
    26 0000000F B900000000                      mov ECX, 0
    27                                          
    28                                          
    29 00000014 A0[00000000]                    mov AL, [a]
    30 00000019 8A1D[01000000]                  mov BL, [b]
    31                                          
    32 0000001F 6601D8                          ADD AX,BX
    33                                      
    34                                          ; exit(0)
    35 00000022 6A00                            push    dword 0      ; push the parameter for exit onto the stack
    36 00000024 FF15[00000000]                  call    [exit]       ; call exit to terminate the program
