     1                                  bits 32 ; assembling for the 32 bits architecture
     2                                  
     3                                  ; declare the EntryPoint (a label defining the very first instruction of the program)
     4                                  global start        
     5                                  
     6                                  ; declare external functions needed by our program
     7                                  extern exit               ; tell nasm that exit exists even if we won't be defining it
     8                                  import exit msvcrt.dll    ; exit is a function that ends the calling process. It is defined in msvcrt.dll
     9                                                            ; msvcrt.dll contains exit, printf and all the other important C-runtime specific functions
    10                                  
    11                                  ; our data is declared here (the variables needed by our program)
    12                                  segment data use32 class=data
    13                                      ; ...
    14                                  
    15 00000000 01060301                    S db 1, 6, 3, 1
    16                                      lenghtS equ $-S
    17 00000004 FF                          control1 db -1
    18 00000005 00<rept>                    D times lenghtS-1 db 0
    19 00000008 FF                          control2 db -1
    20 00000009 00<rept>                    R times lenghtS-1 db 0
    21 0000000C FF                          control3 db -1
    22                                  
    23                                      
    24                                  ; our code starts here
    25                                  segment code use32 class=code
    26                                      start:
    27                                          ; ...
    28                                          ;A byte string S of length l is given. Obtain the string D of length l-1, such that each element of D is the quotient of two consecutive elements of S, i.e. D(i) = S(i) / S(i+1)
    29                                      
    30 00000000 B903000000                      mov ECX, lenghtS-1                  ;get the number of times we have to do the loop
    31 00000005 BE00000000                      mov ESI, 0                          ;clear ESI
    32                                  
    33                                         
    34 0000000A E319                            jecxz End                           ;check if ECX is 0
    35                                              stringLoop:
    36 0000000C 8A9E[01000000]                          mov BL,byte [S+ESI+1]       ;get the element on index ESI+1 in BL
    37 00000012 8A86[00000000]                          mov AL,byte [S+ESI]         ;get the element on index ESI in AL
    38 00000018 6698                                    cbw                         ;convert AL to a word
    39                                                  
    40 0000001A F6F3                                    div BL                      ;divide the two elements
    41                                                  
    42 0000001C 8886[05000000]                          mov [D+ESI],AL              ;put the result in the second string
    43 00000022 46                                      inc ESI                     ;increase ESI
    44 00000023 E2E7                                loop stringLoop                 ;loop ECX times
    45                                          End:
    46                                      
    47                                      
    48                                          ; exit(0)
    49 00000025 6A00                            push    dword 0      ; push the parameter for exit onto the stack
    50 00000027 FF15[00000000]                  call    [exit]       ; call exit to terminate the program
