     1                                  bits 32 ; assembling for the 32 bits architecture
     2                                  
     3                                  ; declare the EntryPoint (a label defining the very first instruction of the program)
     4                                  global start        
     5                                  
     6                                  ; declare external functions needed by our program
     7                                  extern exit               ; tell nasm that exit exists even if we won't be defining it
     8                                  import exit msvcrt.dll    ; exit is a function that ends the calling process. It is defined in msvcrt.dll
     9                                                            ; msvcrt.dll contains exit, printf and all the other important C-runtime specific functions
    10                                  
    11                                  ; our data is declared here (the variables needed by our program)
    12                                  segment data use32 class=data
    13                                      ; ...
    14                                  
    15                                      
    16 00000000 01                          a db 1
    17 00000001 0200                        b dw 2
    18 00000003 03000000                    c dd 3
    19 00000007 0400000000000000            d dq 4
    20                                      
    21                                      
    22                                  ; our code starts here
    23                                  segment code use32 class=code
    24                                      start:
    25                                          ; ...
    26                                          
    27                                          ;d+c-b+(a-c)
    28                                  
    29                                          
    30 00000000 B800000000                      mov EAX,0   ;clear all
    31 00000005 BB00000000                      mov EBX,0
    32 0000000A B900000000                      mov ECX,0
    33 0000000F BA00000000                      mov EDX,0
    34                                                  
    35                                                  
    36                                                  
    37                                                  
    38                                                                  ;d = [d+4] [d] 
    39 00000014 8B1D[07000000]                  mov EBX, dword [d]      ;ebx = [d] 
    40 0000001A 8B15[0B000000]                  mov EDX, dword [d+4]    ;edx = [d+4]
    41                                          
    42 00000020 131D[03000000]                  adc EBX, [c]            ;eax = eax+c
    43                                          
    44 00000026 66A1[01000000]                  mov AX, [b]             ;ax = b
    45 0000002C 98                              cwde                    ;eax = b
    46 0000002D 19C3                            sbb EBX, EAX      ;ebx = ebx-eax
    47                                                          
    48                                          
    49 0000002F A0[00000000]                    mov AL, [a]             ;al = a
    50 00000034 6698                            cbw                     ;ax = a
    51 00000036 98                              cwde                    ;eax = a
    52 00000037 11C3                            adc EBX, EAX            ;ebx = ebx+eax
    53                                          
    54 00000039 1B1D[03000000]                  sbb EBX, [c]            ;eax = eax-c
    55                                          
    56 0000003F 89D8                            mov EAX, EBX
    57                                          
    58                                          
    59                                          
    60                                      
    61                                          ; exit(0)
    62 00000041 6A00                            push    dword 0      ; push the parameter for exit onto the stack
    63 00000043 FF15[00000000]                  call    [exit]       ; call exit to terminate the program
