     1                                  bits 32 ; assembling for the 32 bits architecture
     2                                  
     3                                  ; declare the EntryPoint (a label defining the very first instruction of the program)
     4                                  global start        
     5                                  
     6                                  ; declare external functions needed by our program
     7                                  extern exit               ; tell nasm that exit exists even if we won't be defining it
     8                                  import exit msvcrt.dll    ; exit is a function that ends the calling process. It is defined in msvcrt.dll
     9                                                            ; msvcrt.dll contains exit, printf and all the other important C-runtime specific functions
    10                                  
    11                                  ; our data is declared here (the variables needed by our program)
    12                                  segment data use32 class=data
    13                                      ; ...
    14                                  
    15                                      
    16 00000000 04                          a db 4
    17 00000001 0200                        b dw 2
    18 00000003 01000000                    c dd 1
    19 00000007 0A00000000000000            d dq 10
    20                                      
    21 0000000F 0000                        aux1 dw 0
    22 00000011 0000000000000000            aux2 dq 0
    23                                      
    24                                  ; our code starts here
    25                                  segment code use32 class=code
    26                                      start:
    27                                          ; ...
    28                                          
    29                                          ;d-a+c+c-b+a
    30                                          
    31 00000000 B800000000                      mov EAX,0   ;clear all  
    32 00000005 BB00000000                      mov EBX,0
    33 0000000A B900000000                      mov ECX,0
    34 0000000F BA00000000                      mov EDX,0
    35                                                  
    36 00000014 8B1D[03000000]                  mov EBX, dword [c]      ;ebx = [c]
    37 0000001A A0[00000000]                    mov AL, byte [a]        ;al = [a]
    38 0000001F 6698                            cbw                     ;ax = [a]
    39 00000021 98                              cwde                    ;eax = [a]
    40 00000022 F8                              clc         
    41 00000023 11DB                            adc EBX, EBX            ;ebx = c + c
    42 00000025 F8                              clc
    43 00000026 19C3                            sbb EBX, EAX            ;ebx = c + c - a
    44 00000028 F8                              clc
    45 00000029 11C3                            adc EBX, EAX            ;ebx = c + c - a + a
    46 0000002B 66A1[01000000]                  mov AX, word [b]        ;ax = b
    47 00000031 98                              cwde                    ;eax = b
    48 00000032 F8                              clc
    49 00000033 19C3                            sbb EBX, EAX            ;ebx = c + c - a + a - b = -a +c +c - b + a       
    50 00000035 A1[07000000]                    mov EAX, dword [d]      ;eax = [d]
    51 0000003A 8B15[0B000000]                  mov EDX, dword [d+4]    ;edx = [d+4]
    52                                                                  ;edx:eax = d
    53 00000040 F8                              clc
    54 00000041 11D8                            adc EAX, EBX            ;eax = [d] + (-a +c +c - b + a)
    55                                          
    56                                          ;edx:eax = d-a+c+c-b+a
    57                                          
    58                                               
    59                                                  
    60                                      
    61                                          ; exit(0)
    62 00000043 6A00                            push    dword 0      ; push the parameter for exit onto the stack
    63 00000045 FF15[00000000]                  call    [exit]       ; call exit to terminate the program
